<?xml version="1.0" encoding="UTF-8" ?>
<testsuite tests="2" failures="0" errors="0" skipped="0" time="0.043" name="module 'fengBird_server'">
  <testcase time="0.000" name="fengBird_server:my_test/0_0"/>
  <testcase time="0.038" name="fengBird_server:simple_test/0_0"/>
</testsuite>
